2024-08-01T15:37:26.634+05:30  INFO 5592 --- [deutsche-bank-spring-boot-demo] [restartedMain] .d.DeutscheBankSpringBootDemoApplication : Starting DeutscheBankSpringBootDemoApplication using Java 17 with PID 5592 (D:\VamanPro\Codes\deutsche-bank-2024\db-sts-ws\deutsche-bank-spring-boot-demo\target\classes started by DELL in D:\VamanPro\Codes\deutsche-bank-2024\db-sts-ws\deutsche-bank-spring-boot-demo)
2024-08-01T15:37:26.634+05:30  INFO 5592 --- [deutsche-bank-spring-boot-demo] [restartedMain] .d.DeutscheBankSpringBootDemoApplication : No active profile set, falling back to 1 default profile: "default"
2024-08-01T15:37:26.739+05:30  INFO 5592 --- [deutsche-bank-spring-boot-demo] [restartedMain] .s.d.r.c.RepositoryConfigurationDelegate : Bootstrapping Spring Data JPA repositories in DEFAULT mode.
2024-08-01T15:37:26.749+05:30  INFO 5592 --- [deutsche-bank-spring-boot-demo] [restartedMain] .s.d.r.c.RepositoryConfigurationDelegate : Finished Spring Data repository scanning in 7 ms. Found 1 JPA repository interface.
2024-08-01T15:37:26.851+05:30  INFO 5592 --- [deutsche-bank-spring-boot-demo] [restartedMain] o.s.b.w.embedded.tomcat.TomcatWebServer  : Tomcat initialized with port 8090 (http)
2024-08-01T15:37:26.852+05:30  INFO 5592 --- [deutsche-bank-spring-boot-demo] [restartedMain] o.apache.catalina.core.StandardService   : Starting service [Tomcat]
2024-08-01T15:37:26.852+05:30  INFO 5592 --- [deutsche-bank-spring-boot-demo] [restartedMain] o.apache.catalina.core.StandardEngine    : Starting Servlet engine: [Apache Tomcat/10.1.26]
2024-08-01T15:37:26.866+05:30  INFO 5592 --- [deutsche-bank-spring-boot-demo] [restartedMain] o.a.c.c.C.[Tomcat].[localhost].[/]       : Initializing Spring embedded WebApplicationContext
2024-08-01T15:37:26.867+05:30  INFO 5592 --- [deutsche-bank-spring-boot-demo] [restartedMain] w.s.c.ServletWebServerApplicationContext : Root WebApplicationContext: initialization completed in 231 ms
2024-08-01T15:37:26.884+05:30  INFO 5592 --- [deutsche-bank-spring-boot-demo] [restartedMain] o.hibernate.jpa.internal.util.LogHelper  : HHH000204: Processing PersistenceUnitInfo [name: default]
2024-08-01T15:37:26.885+05:30  INFO 5592 --- [deutsche-bank-spring-boot-demo] [restartedMain] o.h.c.internal.RegionFactoryInitiator    : HHH000026: Second-level cache disabled
2024-08-01T15:37:26.893+05:30  INFO 5592 --- [deutsche-bank-spring-boot-demo] [restartedMain] o.s.o.j.p.SpringPersistenceUnitInfo      : No LoadTimeWeaver setup: ignoring JPA class transformer
2024-08-01T15:37:26.893+05:30  INFO 5592 --- [deutsche-bank-spring-boot-demo] [restartedMain] com.zaxxer.hikari.HikariDataSource       : HikariPool-13 - Starting...
2024-08-01T15:37:26.904+05:30  INFO 5592 --- [deutsche-bank-spring-boot-demo] [restartedMain] com.zaxxer.hikari.pool.HikariPool        : HikariPool-13 - Added connection com.mysql.cj.jdbc.ConnectionImpl@49128394
2024-08-01T15:37:26.904+05:30  INFO 5592 --- [deutsche-bank-spring-boot-demo] [restartedMain] com.zaxxer.hikari.HikariDataSource       : HikariPool-13 - Start completed.
2024-08-01T15:37:26.928+05:30  INFO 5592 --- [deutsche-bank-spring-boot-demo] [restartedMain] o.h.e.t.j.p.i.JtaPlatformInitiator       : HHH000489: No JTA platform available (set 'hibernate.transaction.jta.platform' to enable JTA platform integration)
2024-08-01T15:37:26.934+05:30  INFO 5592 --- [deutsche-bank-spring-boot-demo] [restartedMain] j.LocalContainerEntityManagerFactoryBean : Initialized JPA EntityManagerFactory for persistence unit 'default'
2024-08-01T15:37:26.981+05:30  WARN 5592 --- [deutsche-bank-spring-boot-demo] [restartedMain] JpaBaseConfiguration$JpaWebConfiguration : spring.jpa.open-in-view is enabled by default. Therefore, database queries may be performed during view rendering. Explicitly configure spring.jpa.open-in-view to disable this warning
2024-08-01T15:37:27.496+05:30  INFO 5592 --- [deutsche-bank-spring-boot-demo] [restartedMain] o.s.b.d.a.OptionalLiveReloadServer       : LiveReload server is running on port 35729
2024-08-01T15:37:27.506+05:30  INFO 5592 --- [deutsche-bank-spring-boot-demo] [restartedMain] o.s.b.w.embedded.tomcat.TomcatWebServer  : Tomcat started on port 8090 (http) with context path '/'
2024-08-01T15:37:27.510+05:30  INFO 5592 --- [deutsche-bank-spring-boot-demo] [restartedMain] .d.DeutscheBankSpringBootDemoApplication : Started DeutscheBankSpringBootDemoApplication in 0.908 seconds (process running for 1030.593)
2024-08-01T15:37:27.511+05:30  INFO 5592 --- [deutsche-bank-spring-boot-demo] [restartedMain] .ConditionEvaluationDeltaLoggingListener : Condition evaluation unchanged
2024-08-01T15:38:01.254+05:30  INFO 5592 --- [deutsche-bank-spring-boot-demo] [File Watcher] rtingClassPathChangeChangedEventListener : Restarting due to 1 class path change (0 additions, 0 deletions, 1 modification)
2024-08-01T15:38:01.337+05:30  INFO 5592 --- [deutsche-bank-spring-boot-demo] [Thread-51] j.LocalContainerEntityManagerFactoryBean : Closing JPA EntityManagerFactory for persistence unit 'default'
2024-08-01T15:38:01.337+05:30  INFO 5592 --- [deutsche-bank-spring-boot-demo] [Thread-51] com.zaxxer.hikari.HikariDataSource       : HikariPool-13 - Shutdown initiated...
2024-08-01T15:38:01.340+05:30  INFO 5592 --- [deutsche-bank-spring-boot-demo] [Thread-51] com.zaxxer.hikari.HikariDataSource       : HikariPool-13 - Shutdown completed.
2024-08-01T15:38:01.416+05:30  INFO 5592 --- [deutsche-bank-spring-boot-demo] [restartedMain] .d.DeutscheBankSpringBootDemoApplication : Starting DeutscheBankSpringBootDemoApplication using Java 17 with PID 5592 (D:\VamanPro\Codes\deutsche-bank-2024\db-sts-ws\deutsche-bank-spring-boot-demo\target\classes started by DELL in D:\VamanPro\Codes\deutsche-bank-2024\db-sts-ws\deutsche-bank-spring-boot-demo)
2024-08-01T15:38:01.416+05:30  INFO 5592 --- [deutsche-bank-spring-boot-demo] [restartedMain] .d.DeutscheBankSpringBootDemoApplication : No active profile set, falling back to 1 default profile: "default"
2024-08-01T15:38:01.528+05:30  INFO 5592 --- [deutsche-bank-spring-boot-demo] [restartedMain] .s.d.r.c.RepositoryConfigurationDelegate : Bootstrapping Spring Data JPA repositories in DEFAULT mode.
2024-08-01T15:38:01.532+05:30  INFO 5592 --- [deutsche-bank-spring-boot-demo] [restartedMain] .s.d.r.c.RepositoryConfigurationDelegate : Finished Spring Data repository scanning in 3 ms. Found 1 JPA repository interface.
2024-08-01T15:38:01.643+05:30  INFO 5592 --- [deutsche-bank-spring-boot-demo] [restartedMain] o.s.b.w.embedded.tomcat.TomcatWebServer  : Tomcat initialized with port 8090 (http)
2024-08-01T15:38:01.644+05:30  INFO 5592 --- [deutsche-bank-spring-boot-demo] [restartedMain] o.apache.catalina.core.StandardService   : Starting service [Tomcat]
2024-08-01T15:38:01.644+05:30  INFO 5592 --- [deutsche-bank-spring-boot-demo] [restartedMain] o.apache.catalina.core.StandardEngine    : Starting Servlet engine: [Apache Tomcat/10.1.26]
2024-08-01T15:38:01.658+05:30  INFO 5592 --- [deutsche-bank-spring-boot-demo] [restartedMain] o.a.c.c.C.[Tomcat].[localhost].[/]       : Initializing Spring embedded WebApplicationContext
2024-08-01T15:38:01.659+05:30  INFO 5592 --- [deutsche-bank-spring-boot-demo] [restartedMain] w.s.c.ServletWebServerApplicationContext : Root WebApplicationContext: initialization completed in 242 ms
2024-08-01T15:38:01.681+05:30  INFO 5592 --- [deutsche-bank-spring-boot-demo] [restartedMain] o.hibernate.jpa.internal.util.LogHelper  : HHH000204: Processing PersistenceUnitInfo [name: default]
2024-08-01T15:38:01.683+05:30  INFO 5592 --- [deutsche-bank-spring-boot-demo] [restartedMain] o.h.c.internal.RegionFactoryInitiator    : HHH000026: Second-level cache disabled
2024-08-01T15:38:01.688+05:30  INFO 5592 --- [deutsche-bank-spring-boot-demo] [restartedMain] o.s.o.j.p.SpringPersistenceUnitInfo      : No LoadTimeWeaver setup: ignoring JPA class transformer
2024-08-01T15:38:01.688+05:30  INFO 5592 --- [deutsche-bank-spring-boot-demo] [restartedMain] com.zaxxer.hikari.HikariDataSource       : HikariPool-14 - Starting...
2024-08-01T15:38:01.704+05:30  INFO 5592 --- [deutsche-bank-spring-boot-demo] [restartedMain] com.zaxxer.hikari.pool.HikariPool        : HikariPool-14 - Added connection com.mysql.cj.jdbc.ConnectionImpl@fed747
2024-08-01T15:38:01.704+05:30  INFO 5592 --- [deutsche-bank-spring-boot-demo] [restartedMain] com.zaxxer.hikari.HikariDataSource       : HikariPool-14 - Start completed.
2024-08-01T15:38:01.734+05:30  INFO 5592 --- [deutsche-bank-spring-boot-demo] [restartedMain] o.h.e.t.j.p.i.JtaPlatformInitiator       : HHH000489: No JTA platform available (set 'hibernate.transaction.jta.platform' to enable JTA platform integration)
2024-08-01T15:38:01.740+05:30  INFO 5592 --- [deutsche-bank-spring-boot-demo] [restartedMain] j.LocalContainerEntityManagerFactoryBean : Initialized JPA EntityManagerFactory for persistence unit 'default'
2024-08-01T15:38:01.809+05:30  WARN 5592 --- [deutsche-bank-spring-boot-demo] [restartedMain] JpaBaseConfiguration$JpaWebConfiguration : spring.jpa.open-in-view is enabled by default. Therefore, database queries may be performed during view rendering. Explicitly configure spring.jpa.open-in-view to disable this warning
2024-08-01T15:38:02.442+05:30  INFO 5592 --- [deutsche-bank-spring-boot-demo] [restartedMain] o.s.b.d.a.OptionalLiveReloadServer       : LiveReload server is running on port 35729
2024-08-01T15:38:02.452+05:30  INFO 5592 --- [deutsche-bank-spring-boot-demo] [restartedMain] o.s.b.w.embedded.tomcat.TomcatWebServer  : Tomcat started on port 8090 (http) with context path '/'
2024-08-01T15:38:02.458+05:30  INFO 5592 --- [deutsche-bank-spring-boot-demo] [restartedMain] .d.DeutscheBankSpringBootDemoApplication : Started DeutscheBankSpringBootDemoApplication in 1.069 seconds (process running for 1065.541)
2024-08-01T15:38:02.459+05:30  INFO 5592 --- [deutsche-bank-spring-boot-demo] [restartedMain] .ConditionEvaluationDeltaLoggingListener : Condition evaluation unchanged
